<?xml version="1.0" encoding="UTF-8"?>
<!-- Generated by org.testng.reporters.JUnitXMLReporter -->
<testsuite hostname="user-PC" ignored="0" name="Test" tests="4" failures="0" timestamp="2019-12-14T18:48:59 IST" time="0.064" errors="0">
  <testcase name="deletetwitter" time="0.008" classname="maventest.restapiTest"/>
  <testcase name="postjira" time="0.001" classname="maventest.restapiTest"/>
  <testcase name="browserautomated" time="0.0" classname="maventest.seleniumTest"/>
  <testcase name="elemnetsui" time="0.0" classname="maventest.seleniumTest"/>
</testsuite> <!-- Test -->
